Using pre-set license

 COMMAND LINE ARGUMENTS:
/Applications/Unity/Unity.app/Contents/MacOS/Unity
-adb2
-batchMode
-noUpm
-name
AssetImportWorker0
-projectPath
/Users/nexlice/Spreadsheet-to-Unity-JSON/demo
-logFile
Logs/AssetImportWorker0.log
-srvPort
50603
Successfully changed project path to: /Users/nexlice/Spreadsheet-to-Unity-JSON/demo
/Users/nexlice/Spreadsheet-to-Unity-JSON/demo
Using Asset Import Pipeline V2.
Refreshing native plugins compatible for Editor in 22.44 ms, found 1 plugins.
Preloading 0 native plugins for Editor in 0.00 ms.
Initialize engine version: 2020.3.5f1 (8095aa901b9b)
[Subsystems] Discovering subsystems at path /Applications/Unity/Unity.app/Contents/Resources/UnitySubsystems
[Subsystems] Discovering subsystems at path /Users/nexlice/Spreadsheet-to-Unity-JSON/demo/Assets
GfxDevice: creating device client; threaded=0
2021-05-20 11:22:15.498 Unity[3847:78356] (null) preferred device: Apple M1 (high power)
2021-05-20 11:22:15.498 Unity[3847:78356] Metal devices available: 1
2021-05-20 11:22:15.498 Unity[3847:78356] 0: Apple M1 (high power)
2021-05-20 11:22:15.499 Unity[3847:78356] Using device Apple M1 (high power)
Initializing Metal device caps: Apple M1
Initialize mono
Mono path[0] = '/Applications/Unity/Unity.app/Contents/Managed'
Mono path[1] = '/Applications/Unity/Unity.app/Contents/MonoBleedingEdge/lib/mono/unityjit'
Mono config path = '/Applications/Unity/Unity.app/Contents/MonoBleedingEdge/etc'
Using monoOptions --debugger-agent=transport=dt_socket,embedding=1,server=y,suspend=n,address=127.0.0.1:56847
Begin MonoManager ReloadAssembly
Registering precompiled unity dll's ...
Register platform support module: /Applications/Unity/Unity.app/Contents/PlaybackEngines/MacStandaloneSupport/UnityEditor.OSXStandalone.Extensions.dll
Registered in 0.000332 seconds.
Native extension for OSXStandalone target not found
Refreshing native plugins compatible for Editor in 22.87 ms, found 1 plugins.
Preloading 0 native plugins for Editor in 0.00 ms.
Mono: successfully reloaded assembly
- Completed reload, in  1.753 seconds
Platform modules already initialized, skipping
Registering precompiled user dll's ...
Registered in 0.000219 seconds.
Begin MonoManager ReloadAssembly
Native extension for OSXStandalone target not found
Refreshing native plugins compatible for Editor in 0.23 ms, found 1 plugins.
Preloading 0 native plugins for Editor in 0.00 ms.
Mono: successfully reloaded assembly
- Completed reload, in  1.633 seconds
Platform modules already initialized, skipping
========================================================================
Worker process is ready to serve import requests
Launching external process: /Applications/Unity/Unity.app/Contents/Tools/UnityShaderCompiler
Launched and connected shader compiler UnityShaderCompiler after 0.02 seconds
Refreshing native plugins compatible for Editor in 0.20 ms, found 1 plugins.
Preloading 0 native plugins for Editor in 0.00 ms.
Unloading 1210 Unused Serialized files (Serialized files now loaded: 0)
System memory in use before: 111.5 MB.
System memory in use after: 111.5 MB.

Unloading 13 unused Assets to reduce memory usage. Loaded Objects now: 1658.
Total: 1.309792 ms (FindLiveObjects: 0.113000 ms CreateObjectMapping: 0.027167 ms MarkObjects: 1.108333 ms  DeleteObjects: 0.060375 ms)

========================================================================
Received Import Request.
  path: Assets/Prefabs/Tower/Tower_TimeStone.prefab
  artifactKey: Guid(97ce371c4dbd1c147918020d549e1867) Importer(815301076,1909f56bfc062723c751e8b465ee728b)
Start importing Assets/Prefabs/Tower/Tower_TimeStone.prefab using Guid(97ce371c4dbd1c147918020d549e1867) Importer(815301076,1909f56bfc062723c751e8b465ee728b)  -> (artifact id: '1625af4929720d5150b2d910d9065ad5') in 0.610523 seconds
  Import took 0.612547 seconds .

========================================================================
Received Import Request.
  Time since last request: 0.000242 seconds.
  path: Assets/Prefabs/Tower/Tower_Thunder.prefab
  artifactKey: Guid(826dd9ee5c3dccc428b17ea53df3801e) Importer(815301076,1909f56bfc062723c751e8b465ee728b)
Start importing Assets/Prefabs/Tower/Tower_Thunder.prefab using Guid(826dd9ee5c3dccc428b17ea53df3801e) Importer(815301076,1909f56bfc062723c751e8b465ee728b)  -> (artifact id: '5bc625d71553cf07b3c5a3b6acd5a997') in 0.015997 seconds
  Import took 0.017553 seconds .

========================================================================
Received Import Request.
  Time since last request: 0.000187 seconds.
  path: Assets/Prefabs/Tower/Tower_Laser.prefab
  artifactKey: Guid(a764a930b6746e045a9149655c737ff9) Importer(815301076,1909f56bfc062723c751e8b465ee728b)
Start importing Assets/Prefabs/Tower/Tower_Laser.prefab using Guid(a764a930b6746e045a9149655c737ff9) Importer(815301076,1909f56bfc062723c751e8b465ee728b)  -> (artifact id: '21b909e6da615a08ff9391fcc48e19b7') in 0.008470 seconds
  Import took 0.010086 seconds .

========================================================================
Received Import Request.
  Time since last request: 0.000331 seconds.
  path: Assets/Prefabs/Tower/Tower_Cannon.prefab
  artifactKey: Guid(c9ad967fc2b002e43a02e336b59c6586) Importer(815301076,1909f56bfc062723c751e8b465ee728b)
Start importing Assets/Prefabs/Tower/Tower_Cannon.prefab using Guid(c9ad967fc2b002e43a02e336b59c6586) Importer(815301076,1909f56bfc062723c751e8b465ee728b)  -> (artifact id: 'cac729d6d23dca2683b955e2858303a9') in 0.008092 seconds
  Import took 0.009716 seconds .

========================================================================
Received Import Request.
  Time since last request: 0.000222 seconds.
  path: Assets/Prefabs/Tower/Tower_Poison.prefab
  artifactKey: Guid(9d186b523e0e8824db07120ed69518e8) Importer(815301076,1909f56bfc062723c751e8b465ee728b)
Start importing Assets/Prefabs/Tower/Tower_Poison.prefab using Guid(9d186b523e0e8824db07120ed69518e8) Importer(815301076,1909f56bfc062723c751e8b465ee728b)  -> (artifact id: '9a44857d2374920e15467bb381377f81') in 0.007317 seconds
  Import took 0.008921 seconds .

========================================================================
Received Import Request.
  Time since last request: 0.000290 seconds.
  path: Assets/Prefabs/Tower/Tower_Fire.prefab
  artifactKey: Guid(2ac15ad587ece2b4bbf0fb3cc0ae3d70) Importer(815301076,1909f56bfc062723c751e8b465ee728b)
Start importing Assets/Prefabs/Tower/Tower_Fire.prefab using Guid(2ac15ad587ece2b4bbf0fb3cc0ae3d70) Importer(815301076,1909f56bfc062723c751e8b465ee728b)  -> (artifact id: '4c9a3c607862488405d8dfc73bff9d46') in 0.006665 seconds
  Import took 0.008214 seconds .

========================================================================
Received Import Request.
  Time since last request: 0.046449 seconds.
  path: Assets/Prefabs/Tower/Tower_Poison.prefab
  artifactKey: Guid(9d186b523e0e8824db07120ed69518e8) Importer(815301076,1909f56bfc062723c751e8b465ee728b)
Start importing Assets/Prefabs/Tower/Tower_Poison.prefab using Guid(9d186b523e0e8824db07120ed69518e8) Importer(815301076,1909f56bfc062723c751e8b465ee728b)  -> (artifact id: '9a44857d2374920e15467bb381377f81') in 0.007736 seconds
  Import took 0.009708 seconds .

========================================================================
Received Import Request.
  Time since last request: 2.438488 seconds.
  path: Assets/Resources/Database/monsterDB.asset
  artifactKey: Guid(ca49661d6265d244da66f1707482549d) Importer(815301076,1909f56bfc062723c751e8b465ee728b)
Start importing Assets/Resources/Database/monsterDB.asset using Guid(ca49661d6265d244da66f1707482549d) Importer(815301076,1909f56bfc062723c751e8b465ee728b)  -> (artifact id: '76a39a533ab9ced3190bf57efbe98c20') in 0.169523 seconds
  Import took 0.172103 seconds .

========================================================================
Received Import Request.
  Time since last request: 1.241511 seconds.
  path: Assets/Resources/Database/Monster
  artifactKey: Guid(446b00bd3b5b5ff448c53b9edcaba520) Importer(815301076,1909f56bfc062723c751e8b465ee728b)
Start importing Assets/Resources/Database/Monster using Guid(446b00bd3b5b5ff448c53b9edcaba520) Importer(815301076,1909f56bfc062723c751e8b465ee728b)  -> (artifact id: '679e483b3057abdb7adacd048845c030') in 0.000900 seconds
  Import took 0.003299 seconds .

========================================================================
Received Import Request.
  Time since last request: 0.065684 seconds.
  path: Assets/Resources/Database/Monster/monster_1.asset
  artifactKey: Guid(f08197562db4c30439122ad77cbfa9a9) Importer(815301076,1909f56bfc062723c751e8b465ee728b)
Start importing Assets/Resources/Database/Monster/monster_1.asset using Guid(f08197562db4c30439122ad77cbfa9a9) Importer(815301076,1909f56bfc062723c751e8b465ee728b)  -> (artifact id: '3bc3011428418ffd1e93148af2417be0') in 0.002444 seconds
  Import took 0.004246 seconds .

========================================================================
Received Import Request.
  Time since last request: 0.000156 seconds.
  path: Assets/Resources/Database/Monster/monster_6.asset
  artifactKey: Guid(1109ad56a512e724a8aa4c4caf19661f) Importer(815301076,1909f56bfc062723c751e8b465ee728b)
Start importing Assets/Resources/Database/Monster/monster_6.asset using Guid(1109ad56a512e724a8aa4c4caf19661f) Importer(815301076,1909f56bfc062723c751e8b465ee728b)  -> (artifact id: 'a8f80515491eb162a369f69074d0f157') in 0.001026 seconds
  Import took 0.002349 seconds .

========================================================================
Received Import Request.
  Time since last request: 0.000208 seconds.
  path: Assets/Resources/Database/Monster/monster_3.asset
  artifactKey: Guid(f923c604b7d39df4382d11b61b8ce9d8) Importer(815301076,1909f56bfc062723c751e8b465ee728b)
Start importing Assets/Resources/Database/Monster/monster_3.asset using Guid(f923c604b7d39df4382d11b61b8ce9d8) Importer(815301076,1909f56bfc062723c751e8b465ee728b)  -> (artifact id: '6e46313948167f4ddd38889a32a6464a') in 0.001175 seconds
  Import took 0.002576 seconds .

========================================================================
Received Import Request.
  Time since last request: 0.000305 seconds.
  path: Assets/Resources/Database/Monster/monster_4.asset
  artifactKey: Guid(ec031f8204057cc4e9754c62f62d7e9d) Importer(815301076,1909f56bfc062723c751e8b465ee728b)
Start importing Assets/Resources/Database/Monster/monster_4.asset using Guid(ec031f8204057cc4e9754c62f62d7e9d) Importer(815301076,1909f56bfc062723c751e8b465ee728b)  -> (artifact id: 'aa06fb188da2595b424a10ce7ed84441') in 0.001248 seconds
  Import took 0.002729 seconds .

========================================================================
Received Import Request.
  Time since last request: 0.000240 seconds.
  path: Assets/Resources/Database/Monster/monster_2.asset
  artifactKey: Guid(1e232c7a53c3d97408f1ca435faac392) Importer(815301076,1909f56bfc062723c751e8b465ee728b)
Start importing Assets/Resources/Database/Monster/monster_2.asset using Guid(1e232c7a53c3d97408f1ca435faac392) Importer(815301076,1909f56bfc062723c751e8b465ee728b)  -> (artifact id: '08a7f9f8d8c54e0b07e6693c5c108750') in 0.001420 seconds
  Import took 0.002997 seconds .

========================================================================
Received Import Request.
  Time since last request: 0.000211 seconds.
  path: Assets/Resources/Database/Monster/monster_7.asset
  artifactKey: Guid(13733d71933afdb4c84d4fe75f53656f) Importer(815301076,1909f56bfc062723c751e8b465ee728b)
Start importing Assets/Resources/Database/Monster/monster_7.asset using Guid(13733d71933afdb4c84d4fe75f53656f) Importer(815301076,1909f56bfc062723c751e8b465ee728b)  -> (artifact id: '612e3d01ace29dce69d157c27e413812') in 0.001029 seconds
  Import took 0.002394 seconds .

========================================================================
Received Import Request.
  Time since last request: 0.000233 seconds.
  path: Assets/Resources/Database/Monster/monster_5.asset
  artifactKey: Guid(94b677924c8d10f4dac5f890a312b7b9) Importer(815301076,1909f56bfc062723c751e8b465ee728b)
Start importing Assets/Resources/Database/Monster/monster_5.asset using Guid(94b677924c8d10f4dac5f890a312b7b9) Importer(815301076,1909f56bfc062723c751e8b465ee728b)  -> (artifact id: '543e2ccbf2046dde0bd5acd1ea95cdbc') in 0.001141 seconds
  Import took 0.002526 seconds .

========================================================================
Received Import Request.
  Time since last request: 6.861871 seconds.
  path: Assets/Resources/Database/Tower/Tower_1.asset
  artifactKey: Guid(ebd54351303a27c40b2dccdbf7256f97) Importer(815301076,1909f56bfc062723c751e8b465ee728b)
Start importing Assets/Resources/Database/Tower/Tower_1.asset using Guid(ebd54351303a27c40b2dccdbf7256f97) Importer(815301076,1909f56bfc062723c751e8b465ee728b)  -> (artifact id: '711bffe1e07433d0e2c864f326eb994a') in 0.003931 seconds
  Import took 0.006879 seconds .

========================================================================
Received Import Request.
  Time since last request: 0.000348 seconds.
  path: Assets/Resources/Database/Tower/Tower_3.asset
  artifactKey: Guid(90236d91a3f70404cb02ff8fa9d7d989) Importer(815301076,1909f56bfc062723c751e8b465ee728b)
Start importing Assets/Resources/Database/Tower/Tower_3.asset using Guid(90236d91a3f70404cb02ff8fa9d7d989) Importer(815301076,1909f56bfc062723c751e8b465ee728b)  -> (artifact id: 'ddcca0b4da8d2d47f0439489a5a8a149') in 0.002146 seconds
  Import took 0.004387 seconds .

========================================================================
Received Import Request.
  Time since last request: 0.000347 seconds.
  path: Assets/Resources/Database/Tower/Tower_2.asset
  artifactKey: Guid(0ab92c4c1bf6735439d19f71958d0596) Importer(815301076,1909f56bfc062723c751e8b465ee728b)
Start importing Assets/Resources/Database/Tower/Tower_2.asset using Guid(0ab92c4c1bf6735439d19f71958d0596) Importer(815301076,1909f56bfc062723c751e8b465ee728b)  -> (artifact id: 'a991e3936739a37eb95d4fbd3847b41f') in 0.001509 seconds
  Import took 0.003570 seconds .

========================================================================
Received Prepare
Registering precompiled user dll's ...
Registered in 0.000351 seconds.
Begin MonoManager ReloadAssembly
Native extension for OSXStandalone target not found
Refreshing native plugins compatible for Editor in 0.22 ms, found 1 plugins.
Preloading 0 native plugins for Editor in 0.00 ms.
Mono: successfully reloaded assembly
- Completed reload, in  1.755 seconds
Platform modules already initialized, skipping
Refreshing native plugins compatible for Editor in 0.28 ms, found 1 plugins.
Preloading 0 native plugins for Editor in 0.00 ms.
Unloading 1209 Unused Serialized files (Serialized files now loaded: 0)
System memory in use before: 123.7 MB.
System memory in use after: 123.8 MB.

Unloading 6 unused Assets to reduce memory usage. Loaded Objects now: 1670.
Total: 1.441666 ms (FindLiveObjects: 0.231500 ms CreateObjectMapping: 0.029709 ms MarkObjects: 1.156709 ms  DeleteObjects: 0.022584 ms)

